{"C:\\Users\\11494\\Desktop\\实训\\gundb\\gundb\\src\\assets\\common.vue": {"path":"C:\\Users\\11494\\Desktop\\实训\\gundb\\gundb\\src\\assets\\common.vue","statementMap":{"0":{"start":{"line":3,"column":0},"end":{"line":3,"column":null}}},"fnMap":{},"branchMap":{},"s":{"0":1},"f":{},"b":{}}
,"C:\\Users\\11494\\Desktop\\实训\\gundb\\gundb\\src\\components\\GunPanel.vue": {"path":"C:\\Users\\11494\\Desktop\\实训\\gundb\\gundb\\src\\components\\GunPanel.vue","statementMap":{},"fnMap":{"0":{"name":"(anonymous_1)","decl":{"start":{"line":30,"column":0},"end":{"line":30,"column":null}},"loc":{"start":{"line":30,"column":0},"end":{"line":30,"column":null}}}},"branchMap":{},"s":{},"f":{"0":1},"b":{}}
,"C:\\Users\\11494\\Desktop\\实训\\gundb\\gundb\\src\\components\\Linkbox.vue": {"path":"C:\\Users\\11494\\Desktop\\实训\\gundb\\gundb\\src\\components\\Linkbox.vue","statementMap":{"0":{"start":{"line":33,"column":0},"end":{"line":33,"column":null}},"1":{"start":{"line":34,"column":0},"end":{"line":34,"column":null}},"2":{"start":{"line":35,"column":0},"end":{"line":35,"column":null}},"3":{"start":{"line":36,"column":0},"end":{"line":36,"column":null}},"4":{"start":{"line":39,"column":0},"end":{"line":39,"column":null}}},"fnMap":{"0":{"name":"(anonymous_1)","decl":{"start":{"line":29,"column":0},"end":{"line":29,"column":null}},"loc":{"start":{"line":29,"column":0},"end":{"line":29,"column":null}}},"1":{"name":"(anonymous_2)","decl":{"start":{"line":32,"column":0},"end":{"line":32,"column":null}},"loc":{"start":{"line":32,"column":0},"end":{"line":37,"column":null}}},"2":{"name":"(anonymous_3)","decl":{"start":{"line":38,"column":0},"end":{"line":38,"column":null}},"loc":{"start":{"line":38,"column":0},"end":{"line":40,"column":null}}}},"branchMap":{},"s":{"0":1,"1":1,"2":1,"3":1,"4":1},"f":{"0":2,"1":1,"2":1},"b":{}}
,"C:\\Users\\11494\\Desktop\\实训\\gundb\\gundb\\src\\components\\Password.vue": {"path":"C:\\Users\\11494\\Desktop\\实训\\gundb\\gundb\\src\\components\\Password.vue","statementMap":{"0":{"start":{"line":29,"column":0},"end":{"line":29,"column":null}},"1":{"start":{"line":36,"column":0},"end":{"line":36,"column":null}},"2":{"start":{"line":39,"column":0},"end":{"line":39,"column":null}},"3":{"start":{"line":42,"column":0},"end":{"line":42,"column":null}}},"fnMap":{"0":{"name":"(anonymous_1)","decl":{"start":{"line":28,"column":0},"end":{"line":28,"column":null}},"loc":{"start":{"line":28,"column":0},"end":{"line":33,"column":null}}},"1":{"name":"(anonymous_2)","decl":{"start":{"line":35,"column":0},"end":{"line":35,"column":null}},"loc":{"start":{"line":35,"column":0},"end":{"line":37,"column":null}}},"2":{"name":"(anonymous_3)","decl":{"start":{"line":38,"column":0},"end":{"line":38,"column":null}},"loc":{"start":{"line":38,"column":0},"end":{"line":40,"column":null}}},"3":{"name":"(anonymous_4)","decl":{"start":{"line":41,"column":0},"end":{"line":41,"column":null}},"loc":{"start":{"line":41,"column":0},"end":{"line":43,"column":null}}}},"branchMap":{},"s":{"0":3,"1":1,"2":1,"3":1},"f":{"0":3,"1":1,"2":1,"3":1},"b":{}}
,"C:\\Users\\11494\\Desktop\\实训\\gundb\\gundb\\src\\components\\PreviewImage.vue": {"path":"C:\\Users\\11494\\Desktop\\实训\\gundb\\gundb\\src\\components\\PreviewImage.vue","statementMap":{"0":{"start":{"line":14,"column":0},"end":{"line":14,"column":null}},"1":{"start":{"line":20,"column":0},"end":{"line":20,"column":null}},"2":{"start":{"line":23,"column":0},"end":{"line":23,"column":null}}},"fnMap":{"0":{"name":"(anonymous_1)","decl":{"start":{"line":13,"column":0},"end":{"line":13,"column":null}},"loc":{"start":{"line":13,"column":0},"end":{"line":17,"column":null}}},"1":{"name":"(anonymous_2)","decl":{"start":{"line":19,"column":0},"end":{"line":19,"column":null}},"loc":{"start":{"line":19,"column":0},"end":{"line":21,"column":null}}},"2":{"name":"(anonymous_3)","decl":{"start":{"line":22,"column":0},"end":{"line":22,"column":null}},"loc":{"start":{"line":22,"column":0},"end":{"line":24,"column":null}}}},"branchMap":{},"s":{"0":2,"1":1,"2":1},"f":{"0":2,"1":1,"2":1},"b":{}}
,"C:\\Users\\11494\\Desktop\\实训\\gundb\\gundb\\src\\views\\Upload.vue": {"path":"C:\\Users\\11494\\Desktop\\实训\\gundb\\gundb\\src\\views\\Upload.vue","statementMap":{"0":{"start":{"line":102,"column":0},"end":{"line":102,"column":null}},"1":{"start":{"line":103,"column":0},"end":{"line":103,"column":null}},"2":{"start":{"line":104,"column":0},"end":{"line":104,"column":null}},"3":{"start":{"line":113,"column":0},"end":{"line":113,"column":null}},"4":{"start":{"line":140,"column":0},"end":{"line":140,"column":null}},"5":{"start":{"line":141,"column":0},"end":{"line":141,"column":null}},"6":{"start":{"line":142,"column":0},"end":{"line":142,"column":null}},"7":{"start":{"line":145,"column":0},"end":{"line":145,"column":null}},"8":{"start":{"line":148,"column":0},"end":{"line":148,"column":null}},"9":{"start":{"line":151,"column":0},"end":{"line":151,"column":null}},"10":{"start":{"line":154,"column":0},"end":{"line":154,"column":null}},"11":{"start":{"line":155,"column":0},"end":{"line":157,"column":null}},"12":{"start":{"line":156,"column":0},"end":{"line":156,"column":null}},"13":{"start":{"line":160,"column":0},"end":{"line":162,"column":null}},"14":{"start":{"line":161,"column":0},"end":{"line":161,"column":null}},"15":{"start":{"line":165,"column":0},"end":{"line":181,"column":null}},"16":{"start":{"line":166,"column":0},"end":{"line":166,"column":null}},"17":{"start":{"line":167,"column":0},"end":{"line":167,"column":null}},"18":{"start":{"line":169,"column":0},"end":{"line":171,"column":null}},"19":{"start":{"line":170,"column":0},"end":{"line":170,"column":null}},"20":{"start":{"line":172,"column":0},"end":{"line":174,"column":null}},"21":{"start":{"line":173,"column":0},"end":{"line":173,"column":null}},"22":{"start":{"line":175,"column":0},"end":{"line":179,"column":null}},"23":{"start":{"line":175,"column":0},"end":{"line":175,"column":null}},"24":{"start":{"line":176,"column":0},"end":{"line":178,"column":null}},"25":{"start":{"line":177,"column":0},"end":{"line":177,"column":null}},"26":{"start":{"line":180,"column":0},"end":{"line":180,"column":null}},"27":{"start":{"line":184,"column":0},"end":{"line":184,"column":null}},"28":{"start":{"line":185,"column":0},"end":{"line":185,"column":null}},"29":{"start":{"line":186,"column":0},"end":{"line":186,"column":null}},"30":{"start":{"line":187,"column":0},"end":{"line":187,"column":null}},"31":{"start":{"line":188,"column":0},"end":{"line":190,"column":null}},"32":{"start":{"line":188,"column":0},"end":{"line":188,"column":null}},"33":{"start":{"line":189,"column":0},"end":{"line":189,"column":null}},"34":{"start":{"line":191,"column":0},"end":{"line":191,"column":null}},"35":{"start":{"line":194,"column":0},"end":{"line":207,"column":null}},"36":{"start":{"line":195,"column":0},"end":{"line":195,"column":null}},"37":{"start":{"line":196,"column":0},"end":{"line":196,"column":null}},"38":{"start":{"line":197,"column":0},"end":{"line":197,"column":null}},"39":{"start":{"line":198,"column":0},"end":{"line":200,"column":null}},"40":{"start":{"line":199,"column":0},"end":{"line":199,"column":null}},"41":{"start":{"line":201,"column":0},"end":{"line":203,"column":null}},"42":{"start":{"line":202,"column":0},"end":{"line":202,"column":null}},"43":{"start":{"line":204,"column":0},"end":{"line":206,"column":null}},"44":{"start":{"line":205,"column":0},"end":{"line":205,"column":null}},"45":{"start":{"line":210,"column":0},"end":{"line":210,"column":null}},"46":{"start":{"line":211,"column":0},"end":{"line":211,"column":null}},"47":{"start":{"line":212,"column":0},"end":{"line":212,"column":null}},"48":{"start":{"line":213,"column":0},"end":{"line":213,"column":null}},"49":{"start":{"line":214,"column":0},"end":{"line":220,"column":null}},"50":{"start":{"line":214,"column":0},"end":{"line":214,"column":null}},"51":{"start":{"line":215,"column":0},"end":{"line":219,"column":null}},"52":{"start":{"line":216,"column":0},"end":{"line":216,"column":null}},"53":{"start":{"line":218,"column":0},"end":{"line":218,"column":null}},"54":{"start":{"line":221,"column":0},"end":{"line":221,"column":null}},"55":{"start":{"line":224,"column":0},"end":{"line":231,"column":null}},"56":{"start":{"line":225,"column":0},"end":{"line":225,"column":null}},"57":{"start":{"line":230,"column":0},"end":{"line":230,"column":null}},"58":{"start":{"line":234,"column":0},"end":{"line":234,"column":null}},"59":{"start":{"line":235,"column":0},"end":{"line":242,"column":null}},"60":{"start":{"line":236,"column":0},"end":{"line":236,"column":null}},"61":{"start":{"line":241,"column":0},"end":{"line":241,"column":null}},"62":{"start":{"line":243,"column":0},"end":{"line":250,"column":null}},"63":{"start":{"line":244,"column":0},"end":{"line":244,"column":null}},"64":{"start":{"line":249,"column":0},"end":{"line":249,"column":null}},"65":{"start":{"line":251,"column":0},"end":{"line":258,"column":null}},"66":{"start":{"line":252,"column":0},"end":{"line":252,"column":null}},"67":{"start":{"line":257,"column":0},"end":{"line":257,"column":null}},"68":{"start":{"line":259,"column":0},"end":{"line":259,"column":null}},"69":{"start":{"line":260,"column":0},"end":{"line":260,"column":null}},"70":{"start":{"line":261,"column":0},"end":{"line":261,"column":null}},"71":{"start":{"line":262,"column":0},"end":{"line":262,"column":null}},"72":{"start":{"line":263,"column":0},"end":{"line":263,"column":null}},"73":{"start":{"line":264,"column":0},"end":{"line":268,"column":null}},"74":{"start":{"line":265,"column":0},"end":{"line":265,"column":null}},"75":{"start":{"line":267,"column":0},"end":{"line":267,"column":null}},"76":{"start":{"line":269,"column":0},"end":{"line":269,"column":null}},"77":{"start":{"line":270,"column":0},"end":{"line":272,"column":null}},"78":{"start":{"line":271,"column":0},"end":{"line":271,"column":null}},"79":{"start":{"line":273,"column":0},"end":{"line":273,"column":null}},"80":{"start":{"line":274,"column":0},"end":{"line":274,"column":null}},"81":{"start":{"line":275,"column":0},"end":{"line":275,"column":null}},"82":{"start":{"line":276,"column":0},"end":{"line":276,"column":null}},"83":{"start":{"line":277,"column":0},"end":{"line":279,"column":null}},"84":{"start":{"line":278,"column":0},"end":{"line":278,"column":null}},"85":{"start":{"line":280,"column":0},"end":{"line":280,"column":null}},"86":{"start":{"line":281,"column":0},"end":{"line":281,"column":null}},"87":{"start":{"line":284,"column":0},"end":{"line":284,"column":null}},"88":{"start":{"line":285,"column":0},"end":{"line":285,"column":null}},"89":{"start":{"line":286,"column":0},"end":{"line":286,"column":null}},"90":{"start":{"line":287,"column":0},"end":{"line":287,"column":null}},"91":{"start":{"line":288,"column":0},"end":{"line":288,"column":null}},"92":{"start":{"line":289,"column":0},"end":{"line":289,"column":null}},"93":{"start":{"line":290,"column":0},"end":{"line":290,"column":null}},"94":{"start":{"line":291,"column":0},"end":{"line":291,"column":null}},"95":{"start":{"line":292,"column":0},"end":{"line":292,"column":null}},"96":{"start":{"line":293,"column":0},"end":{"line":293,"column":null}},"97":{"start":{"line":294,"column":0},"end":{"line":294,"column":null}},"98":{"start":{"line":295,"column":0},"end":{"line":295,"column":null}},"99":{"start":{"line":296,"column":0},"end":{"line":296,"column":null}},"100":{"start":{"line":297,"column":0},"end":{"line":297,"column":null}},"101":{"start":{"line":298,"column":0},"end":{"line":298,"column":null}},"102":{"start":{"line":299,"column":0},"end":{"line":304,"column":null}},"103":{"start":{"line":300,"column":0},"end":{"line":300,"column":null}},"104":{"start":{"line":301,"column":0},"end":{"line":304,"column":null}},"105":{"start":{"line":303,"column":0},"end":{"line":303,"column":null}},"106":{"start":{"line":305,"column":0},"end":{"line":305,"column":null}},"107":{"start":{"line":308,"column":0},"end":{"line":308,"column":null}},"108":{"start":{"line":309,"column":0},"end":{"line":309,"column":null}},"109":{"start":{"line":310,"column":0},"end":{"line":310,"column":null}},"110":{"start":{"line":311,"column":0},"end":{"line":311,"column":null}},"111":{"start":{"line":312,"column":0},"end":{"line":312,"column":null}},"112":{"start":{"line":313,"column":0},"end":{"line":325,"column":null}},"113":{"start":{"line":314,"column":0},"end":{"line":324,"column":null}},"114":{"start":{"line":315,"column":0},"end":{"line":315,"column":null}},"115":{"start":{"line":316,"column":0},"end":{"line":316,"column":null}},"116":{"start":{"line":317,"column":0},"end":{"line":317,"column":null}},"117":{"start":{"line":322,"column":0},"end":{"line":322,"column":null}},"118":{"start":{"line":323,"column":0},"end":{"line":323,"column":null}},"119":{"start":{"line":326,"column":0},"end":{"line":328,"column":null}},"120":{"start":{"line":327,"column":0},"end":{"line":327,"column":null}},"121":{"start":{"line":331,"column":0},"end":{"line":331,"column":null}},"122":{"start":{"line":332,"column":0},"end":{"line":336,"column":null}},"123":{"start":{"line":333,"column":0},"end":{"line":333,"column":null}},"124":{"start":{"line":334,"column":0},"end":{"line":334,"column":null}},"125":{"start":{"line":335,"column":0},"end":{"line":335,"column":null}},"126":{"start":{"line":339,"column":0},"end":{"line":339,"column":null}},"127":{"start":{"line":340,"column":0},"end":{"line":352,"column":null}},"128":{"start":{"line":342,"column":0},"end":{"line":342,"column":null}},"129":{"start":{"line":343,"column":0},"end":{"line":343,"column":null}},"130":{"start":{"line":348,"column":0},"end":{"line":348,"column":null}},"131":{"start":{"line":349,"column":0},"end":{"line":349,"column":null}},"132":{"start":{"line":350,"column":0},"end":{"line":350,"column":null}},"133":{"start":{"line":351,"column":0},"end":{"line":351,"column":null}},"134":{"start":{"line":353,"column":0},"end":{"line":353,"column":null}},"135":{"start":{"line":354,"column":0},"end":{"line":354,"column":null}},"136":{"start":{"line":355,"column":0},"end":{"line":355,"column":null}},"137":{"start":{"line":356,"column":0},"end":{"line":356,"column":null}},"138":{"start":{"line":357,"column":0},"end":{"line":357,"column":null}},"139":{"start":{"line":358,"column":0},"end":{"line":358,"column":null}},"140":{"start":{"line":359,"column":0},"end":{"line":359,"column":null}},"141":{"start":{"line":360,"column":0},"end":{"line":363,"column":null}},"142":{"start":{"line":362,"column":0},"end":{"line":362,"column":null}},"143":{"start":{"line":364,"column":0},"end":{"line":404,"column":null}},"144":{"start":{"line":365,"column":0},"end":{"line":365,"column":null}},"145":{"start":{"line":370,"column":0},"end":{"line":370,"column":null}},"146":{"start":{"line":371,"column":0},"end":{"line":371,"column":null}},"147":{"start":{"line":372,"column":0},"end":{"line":372,"column":null}},"148":{"start":{"line":373,"column":0},"end":{"line":373,"column":null}},"149":{"start":{"line":376,"column":0},"end":{"line":376,"column":null}},"150":{"start":{"line":377,"column":0},"end":{"line":377,"column":null}},"151":{"start":{"line":378,"column":0},"end":{"line":378,"column":null}},"152":{"start":{"line":379,"column":0},"end":{"line":379,"column":null}},"153":{"start":{"line":380,"column":0},"end":{"line":403,"column":null}},"154":{"start":{"line":381,"column":0},"end":{"line":381,"column":null}},"155":{"start":{"line":382,"column":0},"end":{"line":382,"column":null}},"156":{"start":{"line":383,"column":0},"end":{"line":383,"column":null}},"157":{"start":{"line":384,"column":0},"end":{"line":384,"column":null}},"158":{"start":{"line":385,"column":0},"end":{"line":385,"column":null}},"159":{"start":{"line":386,"column":0},"end":{"line":386,"column":null}},"160":{"start":{"line":387,"column":0},"end":{"line":387,"column":null}},"161":{"start":{"line":389,"column":0},"end":{"line":389,"column":null}},"162":{"start":{"line":390,"column":0},"end":{"line":402,"column":null}},"163":{"start":{"line":390,"column":0},"end":{"line":390,"column":null}},"164":{"start":{"line":391,"column":0},"end":{"line":401,"column":null}},"165":{"start":{"line":392,"column":0},"end":{"line":400,"column":null}},"166":{"start":{"line":393,"column":0},"end":{"line":399,"column":null}},"167":{"start":{"line":394,"column":0},"end":{"line":394,"column":null}},"168":{"start":{"line":395,"column":0},"end":{"line":395,"column":null}},"169":{"start":{"line":396,"column":0},"end":{"line":396,"column":null}},"170":{"start":{"line":398,"column":0},"end":{"line":398,"column":null}},"171":{"start":{"line":407,"column":0},"end":{"line":407,"column":null}},"172":{"start":{"line":408,"column":0},"end":{"line":411,"column":null}},"173":{"start":{"line":409,"column":0},"end":{"line":409,"column":null}},"174":{"start":{"line":410,"column":0},"end":{"line":410,"column":null}},"175":{"start":{"line":415,"column":0},"end":{"line":415,"column":null}},"176":{"start":{"line":421,"column":0},"end":{"line":421,"column":null}},"177":{"start":{"line":424,"column":0},"end":{"line":424,"column":null}},"178":{"start":{"line":425,"column":0},"end":{"line":430,"column":null}},"179":{"start":{"line":426,"column":0},"end":{"line":426,"column":null}},"180":{"start":{"line":429,"column":0},"end":{"line":429,"column":null}}},"fnMap":{"0":{"name":"(anonymous_1)","decl":{"start":{"line":112,"column":0},"end":{"line":112,"column":null}},"loc":{"start":{"line":112,"column":0},"end":{"line":137,"column":null}}},"1":{"name":"(anonymous_2)","decl":{"start":{"line":139,"column":0},"end":{"line":139,"column":null}},"loc":{"start":{"line":139,"column":0},"end":{"line":143,"column":null}}},"2":{"name":"(anonymous_3)","decl":{"start":{"line":144,"column":0},"end":{"line":144,"column":null}},"loc":{"start":{"line":144,"column":0},"end":{"line":146,"column":null}}},"3":{"name":"(anonymous_4)","decl":{"start":{"line":147,"column":0},"end":{"line":147,"column":null}},"loc":{"start":{"line":147,"column":0},"end":{"line":149,"column":null}}},"4":{"name":"(anonymous_5)","decl":{"start":{"line":150,"column":0},"end":{"line":150,"column":null}},"loc":{"start":{"line":150,"column":0},"end":{"line":152,"column":null}}},"5":{"name":"(anonymous_6)","decl":{"start":{"line":153,"column":0},"end":{"line":153,"column":null}},"loc":{"start":{"line":153,"column":0},"end":{"line":158,"column":null}}},"6":{"name":"(anonymous_7)","decl":{"start":{"line":155,"column":0},"end":{"line":155,"column":null}},"loc":{"start":{"line":155,"column":0},"end":{"line":157,"column":null}}},"7":{"name":"(anonymous_8)","decl":{"start":{"line":159,"column":0},"end":{"line":159,"column":null}},"loc":{"start":{"line":159,"column":0},"end":{"line":163,"column":null}}},"8":{"name":"(anonymous_9)","decl":{"start":{"line":164,"column":0},"end":{"line":164,"column":null}},"loc":{"start":{"line":164,"column":0},"end":{"line":182,"column":null}}},"9":{"name":"(anonymous_10)","decl":{"start":{"line":169,"column":0},"end":{"line":169,"column":null}},"loc":{"start":{"line":169,"column":0},"end":{"line":171,"column":null}}},"10":{"name":"(anonymous_11)","decl":{"start":{"line":183,"column":0},"end":{"line":183,"column":null}},"loc":{"start":{"line":183,"column":0},"end":{"line":192,"column":null}}},"11":{"name":"(anonymous_12)","decl":{"start":{"line":193,"column":0},"end":{"line":193,"column":null}},"loc":{"start":{"line":193,"column":0},"end":{"line":208,"column":null}}},"12":{"name":"(anonymous_13)","decl":{"start":{"line":194,"column":0},"end":{"line":194,"column":null}},"loc":{"start":{"line":194,"column":0},"end":{"line":207,"column":null}}},"13":{"name":"(anonymous_14)","decl":{"start":{"line":198,"column":0},"end":{"line":198,"column":null}},"loc":{"start":{"line":198,"column":0},"end":{"line":200,"column":null}}},"14":{"name":"(anonymous_15)","decl":{"start":{"line":201,"column":0},"end":{"line":201,"column":null}},"loc":{"start":{"line":201,"column":0},"end":{"line":203,"column":null}}},"15":{"name":"(anonymous_16)","decl":{"start":{"line":204,"column":0},"end":{"line":204,"column":null}},"loc":{"start":{"line":204,"column":0},"end":{"line":206,"column":null}}},"16":{"name":"(anonymous_17)","decl":{"start":{"line":209,"column":0},"end":{"line":209,"column":null}},"loc":{"start":{"line":209,"column":0},"end":{"line":222,"column":null}}},"17":{"name":"(anonymous_18)","decl":{"start":{"line":223,"column":0},"end":{"line":223,"column":null}},"loc":{"start":{"line":223,"column":0},"end":{"line":232,"column":null}}},"18":{"name":"(anonymous_19)","decl":{"start":{"line":233,"column":0},"end":{"line":233,"column":null}},"loc":{"start":{"line":233,"column":0},"end":{"line":282,"column":null}}},"19":{"name":"(anonymous_20)","decl":{"start":{"line":270,"column":0},"end":{"line":270,"column":null}},"loc":{"start":{"line":270,"column":0},"end":{"line":272,"column":null}}},"20":{"name":"(anonymous_21)","decl":{"start":{"line":277,"column":0},"end":{"line":277,"column":null}},"loc":{"start":{"line":277,"column":0},"end":{"line":279,"column":null}}},"21":{"name":"(anonymous_22)","decl":{"start":{"line":283,"column":0},"end":{"line":283,"column":null}},"loc":{"start":{"line":283,"column":0},"end":{"line":306,"column":null}}},"22":{"name":"(anonymous_23)","decl":{"start":{"line":307,"column":0},"end":{"line":307,"column":null}},"loc":{"start":{"line":307,"column":0},"end":{"line":329,"column":null}}},"23":{"name":"(anonymous_24)","decl":{"start":{"line":313,"column":0},"end":{"line":313,"column":null}},"loc":{"start":{"line":313,"column":0},"end":{"line":325,"column":null}}},"24":{"name":"(anonymous_25)","decl":{"start":{"line":326,"column":0},"end":{"line":326,"column":null}},"loc":{"start":{"line":326,"column":0},"end":{"line":328,"column":null}}},"25":{"name":"(anonymous_26)","decl":{"start":{"line":330,"column":0},"end":{"line":330,"column":null}},"loc":{"start":{"line":330,"column":0},"end":{"line":337,"column":null}}},"26":{"name":"(anonymous_27)","decl":{"start":{"line":338,"column":0},"end":{"line":338,"column":null}},"loc":{"start":{"line":338,"column":0},"end":{"line":405,"column":null}}},"27":{"name":"(anonymous_28)","decl":{"start":{"line":380,"column":0},"end":{"line":380,"column":null}},"loc":{"start":{"line":380,"column":0},"end":{"line":403,"column":null}}},"28":{"name":"(anonymous_29)","decl":{"start":{"line":387,"column":0},"end":{"line":387,"column":null}},"loc":{"start":{"line":387,"column":0},"end":{"line":387,"column":null}}},"29":{"name":"(anonymous_30)","decl":{"start":{"line":391,"column":0},"end":{"line":391,"column":null}},"loc":{"start":{"line":391,"column":0},"end":{"line":401,"column":null}}},"30":{"name":"(anonymous_31)","decl":{"start":{"line":392,"column":0},"end":{"line":392,"column":null}},"loc":{"start":{"line":392,"column":0},"end":{"line":400,"column":null}}},"31":{"name":"(anonymous_32)","decl":{"start":{"line":406,"column":0},"end":{"line":406,"column":null}},"loc":{"start":{"line":406,"column":0},"end":{"line":412,"column":null}}},"32":{"name":"(anonymous_33)","decl":{"start":{"line":414,"column":0},"end":{"line":414,"column":null}},"loc":{"start":{"line":414,"column":0},"end":{"line":416,"column":null}}},"33":{"name":"(anonymous_34)","decl":{"start":{"line":417,"column":0},"end":{"line":417,"column":null}},"loc":{"start":{"line":417,"column":0},"end":{"line":417,"column":null}}},"34":{"name":"(anonymous_35)","decl":{"start":{"line":420,"column":0},"end":{"line":420,"column":null}},"loc":{"start":{"line":420,"column":0},"end":{"line":422,"column":null}}},"35":{"name":"(anonymous_36)","decl":{"start":{"line":423,"column":0},"end":{"line":423,"column":null}},"loc":{"start":{"line":423,"column":0},"end":{"line":431,"column":null}}}},"branchMap":{"0":{"loc":{"start":{"line":160,"column":0},"end":{"line":162,"column":null}},"type":"if","locations":[{"start":{"line":160,"column":0},"end":{"line":162,"column":null}},{"start":{"line":160,"column":0},"end":{"line":162,"column":null}}]},"1":{"loc":{"start":{"line":165,"column":0},"end":{"line":181,"column":null}},"type":"if","locations":[{"start":{"line":165,"column":0},"end":{"line":181,"column":null}},{"start":{"line":165,"column":0},"end":{"line":181,"column":null}}]},"2":{"loc":{"start":{"line":172,"column":0},"end":{"line":174,"column":null}},"type":"if","locations":[{"start":{"line":172,"column":0},"end":{"line":174,"column":null}},{"start":{"line":172,"column":0},"end":{"line":174,"column":null}}]},"3":{"loc":{"start":{"line":172,"column":0},"end":{"line":172,"column":null}},"type":"binary-expr","locations":[{"start":{"line":172,"column":0},"end":{"line":172,"column":null}},{"start":{"line":172,"column":0},"end":{"line":172,"column":null}}]},"4":{"loc":{"start":{"line":176,"column":0},"end":{"line":178,"column":null}},"type":"if","locations":[{"start":{"line":176,"column":0},"end":{"line":178,"column":null}},{"start":{"line":176,"column":0},"end":{"line":178,"column":null}}]},"5":{"loc":{"start":{"line":184,"column":0},"end":{"line":184,"column":null}},"type":"binary-expr","locations":[{"start":{"line":184,"column":0},"end":{"line":184,"column":null}},{"start":{"line":184,"column":0},"end":{"line":184,"column":null}}]},"6":{"loc":{"start":{"line":209,"column":0},"end":{"line":209,"column":null}},"type":"default-arg","locations":[{"start":{"line":209,"column":0},"end":{"line":209,"column":null}}]},"7":{"loc":{"start":{"line":210,"column":0},"end":{"line":210,"column":null}},"type":"if","locations":[{"start":{"line":210,"column":0},"end":{"line":210,"column":null}},{"start":{"line":210,"column":0},"end":{"line":210,"column":null}}]},"8":{"loc":{"start":{"line":211,"column":0},"end":{"line":211,"column":null}},"type":"if","locations":[{"start":{"line":211,"column":0},"end":{"line":211,"column":null}},{"start":{"line":211,"column":0},"end":{"line":211,"column":null}}]},"9":{"loc":{"start":{"line":215,"column":0},"end":{"line":219,"column":null}},"type":"if","locations":[{"start":{"line":215,"column":0},"end":{"line":219,"column":null}},{"start":{"line":215,"column":0},"end":{"line":219,"column":null}}]},"10":{"loc":{"start":{"line":224,"column":0},"end":{"line":231,"column":null}},"type":"if","locations":[{"start":{"line":224,"column":0},"end":{"line":231,"column":null}},{"start":{"line":224,"column":0},"end":{"line":231,"column":null}}]},"11":{"loc":{"start":{"line":235,"column":0},"end":{"line":242,"column":null}},"type":"if","locations":[{"start":{"line":235,"column":0},"end":{"line":242,"column":null}},{"start":{"line":235,"column":0},"end":{"line":242,"column":null}}]},"12":{"loc":{"start":{"line":243,"column":0},"end":{"line":250,"column":null}},"type":"if","locations":[{"start":{"line":243,"column":0},"end":{"line":250,"column":null}},{"start":{"line":243,"column":0},"end":{"line":250,"column":null}}]},"13":{"loc":{"start":{"line":243,"column":0},"end":{"line":243,"column":null}},"type":"binary-expr","locations":[{"start":{"line":243,"column":0},"end":{"line":243,"column":null}},{"start":{"line":243,"column":0},"end":{"line":243,"column":null}}]},"14":{"loc":{"start":{"line":251,"column":0},"end":{"line":258,"column":null}},"type":"if","locations":[{"start":{"line":251,"column":0},"end":{"line":258,"column":null}},{"start":{"line":251,"column":0},"end":{"line":258,"column":null}}]},"15":{"loc":{"start":{"line":264,"column":0},"end":{"line":268,"column":null}},"type":"if","locations":[{"start":{"line":264,"column":0},"end":{"line":268,"column":null}},{"start":{"line":264,"column":0},"end":{"line":268,"column":null}}]},"16":{"loc":{"start":{"line":293,"column":0},"end":{"line":293,"column":null}},"type":"if","locations":[{"start":{"line":293,"column":0},"end":{"line":293,"column":null}},{"start":{"line":293,"column":0},"end":{"line":293,"column":null}}]},"17":{"loc":{"start":{"line":294,"column":0},"end":{"line":294,"column":null}},"type":"if","locations":[{"start":{"line":294,"column":0},"end":{"line":294,"column":null}},{"start":{"line":294,"column":0},"end":{"line":294,"column":null}}]},"18":{"loc":{"start":{"line":295,"column":0},"end":{"line":295,"column":null}},"type":"if","locations":[{"start":{"line":295,"column":0},"end":{"line":295,"column":null}},{"start":{"line":295,"column":0},"end":{"line":295,"column":null}}]},"19":{"loc":{"start":{"line":296,"column":0},"end":{"line":296,"column":null}},"type":"if","locations":[{"start":{"line":296,"column":0},"end":{"line":296,"column":null}},{"start":{"line":296,"column":0},"end":{"line":296,"column":null}}]},"20":{"loc":{"start":{"line":297,"column":0},"end":{"line":297,"column":null}},"type":"if","locations":[{"start":{"line":297,"column":0},"end":{"line":297,"column":null}},{"start":{"line":297,"column":0},"end":{"line":297,"column":null}}]},"21":{"loc":{"start":{"line":299,"column":0},"end":{"line":304,"column":null}},"type":"if","locations":[{"start":{"line":299,"column":0},"end":{"line":304,"column":null}},{"start":{"line":299,"column":0},"end":{"line":304,"column":null}}]},"22":{"loc":{"start":{"line":301,"column":0},"end":{"line":304,"column":null}},"type":"if","locations":[{"start":{"line":301,"column":0},"end":{"line":304,"column":null}},{"start":{"line":301,"column":0},"end":{"line":304,"column":null}}]},"23":{"loc":{"start":{"line":314,"column":0},"end":{"line":324,"column":null}},"type":"if","locations":[{"start":{"line":314,"column":0},"end":{"line":324,"column":null}},{"start":{"line":314,"column":0},"end":{"line":324,"column":null}}]},"24":{"loc":{"start":{"line":332,"column":0},"end":{"line":336,"column":null}},"type":"if","locations":[{"start":{"line":332,"column":0},"end":{"line":336,"column":null}},{"start":{"line":332,"column":0},"end":{"line":336,"column":null}}]},"25":{"loc":{"start":{"line":340,"column":0},"end":{"line":352,"column":null}},"type":"if","locations":[{"start":{"line":340,"column":0},"end":{"line":352,"column":null}},{"start":{"line":340,"column":0},"end":{"line":352,"column":null}}]},"26":{"loc":{"start":{"line":360,"column":0},"end":{"line":363,"column":null}},"type":"if","locations":[{"start":{"line":360,"column":0},"end":{"line":363,"column":null}},{"start":{"line":360,"column":0},"end":{"line":363,"column":null}}]},"27":{"loc":{"start":{"line":364,"column":0},"end":{"line":404,"column":null}},"type":"if","locations":[{"start":{"line":364,"column":0},"end":{"line":404,"column":null}},{"start":{"line":364,"column":0},"end":{"line":404,"column":null}}]},"28":{"loc":{"start":{"line":393,"column":0},"end":{"line":399,"column":null}},"type":"if","locations":[{"start":{"line":393,"column":0},"end":{"line":399,"column":null}},{"start":{"line":393,"column":0},"end":{"line":399,"column":null}}]},"29":{"loc":{"start":{"line":425,"column":0},"end":{"line":430,"column":null}},"type":"if","locations":[{"start":{"line":425,"column":0},"end":{"line":430,"column":null}},{"start":{"line":425,"column":0},"end":{"line":430,"column":null}}]}},"s":{"0":1,"1":1,"2":1,"3":11,"4":1,"5":1,"6":1,"7":1,"8":1,"9":1,"10":0,"11":0,"12":0,"13":2,"14":1,"15":0,"16":0,"17":0,"18":0,"19":0,"20":0,"21":0,"22":0,"23":0,"24":0,"25":0,"26":0,"27":12,"28":12,"29":12,"30":12,"31":12,"32":12,"33":368,"34":12,"35":0,"36":0,"37":0,"38":0,"39":0,"40":0,"41":0,"42":0,"43":0,"44":0,"45":5,"46":4,"47":2,"48":2,"49":2,"50":2,"51":3,"52":2,"53":1,"54":2,"55":2,"56":1,"57":1,"58":2,"59":2,"60":2,"61":2,"62":0,"63":0,"64":0,"65":0,"66":0,"67":0,"68":0,"69":0,"70":0,"71":0,"72":0,"73":0,"74":0,"75":0,"76":0,"77":0,"78":0,"79":0,"80":0,"81":0,"82":0,"83":0,"84":0,"85":0,"86":0,"87":2,"88":2,"89":2,"90":2,"91":2,"92":2,"93":2,"94":2,"95":2,"96":4,"97":2,"98":2,"99":2,"100":2,"101":2,"102":2,"103":1,"104":1,"105":1,"106":2,"107":0,"108":0,"109":0,"110":0,"111":0,"112":0,"113":0,"114":0,"115":0,"116":0,"117":0,"118":0,"119":0,"120":0,"121":0,"122":0,"123":0,"124":0,"125":0,"126":0,"127":0,"128":0,"129":0,"130":0,"131":0,"132":0,"133":0,"134":0,"135":0,"136":0,"137":0,"138":0,"139":0,"140":0,"141":0,"142":0,"143":0,"144":0,"145":0,"146":0,"147":0,"148":0,"149":0,"150":0,"151":0,"152":0,"153":0,"154":0,"155":0,"156":0,"157":0,"158":0,"159":0,"160":0,"161":0,"162":0,"163":0,"164":0,"165":0,"166":0,"167":0,"168":0,"169":0,"170":0,"171":0,"172":0,"173":0,"174":0,"175":11,"176":1,"177":1,"178":1,"179":1,"180":0},"f":{"0":11,"1":1,"2":1,"3":1,"4":1,"5":0,"6":0,"7":2,"8":0,"9":0,"10":12,"11":0,"12":0,"13":0,"14":0,"15":0,"16":4,"17":2,"18":2,"19":0,"20":0,"21":2,"22":0,"23":0,"24":0,"25":0,"26":0,"27":0,"28":0,"29":0,"30":0,"31":0,"32":11,"33":11,"34":1,"35":1},"b":{"0":[1,1],"1":[0,0],"2":[0,0],"3":[0,0],"4":[0,0],"5":[12,0],"6":[2],"7":[5,6],"8":[1,2],"9":[2,1],"10":[1,1],"11":[2,0],"12":[0,0],"13":[0,0],"14":[0,0],"15":[0,0],"16":[2,0],"17":[0,2],"18":[0,2],"19":[0,2],"20":[0,2],"21":[1,1],"22":[1,0],"23":[0,0],"24":[0,0],"25":[0,0],"26":[0,0],"27":[0,0],"28":[0,0],"29":[1,0]}}
}
