TN:
SF:C:\Users\11494\Desktop\实训\gundb\gundb\src\assets\common.vue
FNF:0
FNH:0
DA:3,1
LF:1
LH:1
BRF:0
BRH:0
end_of_record
TN:
SF:C:\Users\11494\Desktop\实训\gundb\gundb\src\components\GunPanel.vue
FN:30,(anonymous_1)
FNF:1
FNH:1
FNDA:1,(anonymous_1)
LF:0
LH:0
BRF:0
BRH:0
end_of_record
TN:
SF:C:\Users\11494\Desktop\实训\gundb\gundb\src\components\Linkbox.vue
FN:29,(anonymous_1)
FN:32,(anonymous_2)
FN:38,(anonymous_3)
FNF:3
FNH:3
FNDA:2,(anonymous_1)
FNDA:1,(anonymous_2)
FNDA:1,(anonymous_3)
DA:33,1
DA:34,1
DA:35,1
DA:36,1
DA:39,1
LF:5
LH:5
BRF:0
BRH:0
end_of_record
TN:
SF:C:\Users\11494\Desktop\实训\gundb\gundb\src\components\Password.vue
FN:28,(anonymous_1)
FN:35,(anonymous_2)
FN:38,(anonymous_3)
FN:41,(anonymous_4)
FNF:4
FNH:4
FNDA:3,(anonymous_1)
FNDA:1,(anonymous_2)
FNDA:1,(anonymous_3)
FNDA:1,(anonymous_4)
DA:29,3
DA:36,1
DA:39,1
DA:42,1
LF:4
LH:4
BRF:0
BRH:0
end_of_record
TN:
SF:C:\Users\11494\Desktop\实训\gundb\gundb\src\components\PreviewImage.vue
FN:13,(anonymous_1)
FN:19,(anonymous_2)
FN:22,(anonymous_3)
FNF:3
FNH:3
FNDA:2,(anonymous_1)
FNDA:1,(anonymous_2)
FNDA:1,(anonymous_3)
DA:14,2
DA:20,1
DA:23,1
LF:3
LH:3
BRF:0
BRH:0
end_of_record
TN:
SF:C:\Users\11494\Desktop\实训\gundb\gundb\src\views\Upload.vue
FN:112,(anonymous_1)
FN:139,(anonymous_2)
FN:144,(anonymous_3)
FN:147,(anonymous_4)
FN:150,(anonymous_5)
FN:153,(anonymous_6)
FN:155,(anonymous_7)
FN:159,(anonymous_8)
FN:164,(anonymous_9)
FN:169,(anonymous_10)
FN:183,(anonymous_11)
FN:193,(anonymous_12)
FN:194,(anonymous_13)
FN:198,(anonymous_14)
FN:201,(anonymous_15)
FN:204,(anonymous_16)
FN:209,(anonymous_17)
FN:223,(anonymous_18)
FN:233,(anonymous_19)
FN:270,(anonymous_20)
FN:277,(anonymous_21)
FN:283,(anonymous_22)
FN:307,(anonymous_23)
FN:313,(anonymous_24)
FN:326,(anonymous_25)
FN:330,(anonymous_26)
FN:338,(anonymous_27)
FN:380,(anonymous_28)
FN:387,(anonymous_29)
FN:391,(anonymous_30)
FN:392,(anonymous_31)
FN:406,(anonymous_32)
FN:414,(anonymous_33)
FN:417,(anonymous_34)
FN:420,(anonymous_35)
FN:423,(anonymous_36)
FNF:36
FNH:15
FNDA:11,(anonymous_1)
FNDA:1,(anonymous_2)
FNDA:1,(anonymous_3)
FNDA:1,(anonymous_4)
FNDA:1,(anonymous_5)
FNDA:0,(anonymous_6)
FNDA:0,(anonymous_7)
FNDA:2,(anonymous_8)
FNDA:0,(anonymous_9)
FNDA:0,(anonymous_10)
FNDA:12,(anonymous_11)
FNDA:0,(anonymous_12)
FNDA:0,(anonymous_13)
FNDA:0,(anonymous_14)
FNDA:0,(anonymous_15)
FNDA:0,(anonymous_16)
FNDA:4,(anonymous_17)
FNDA:2,(anonymous_18)
FNDA:2,(anonymous_19)
FNDA:0,(anonymous_20)
FNDA:0,(anonymous_21)
FNDA:2,(anonymous_22)
FNDA:0,(anonymous_23)
FNDA:0,(anonymous_24)
FNDA:0,(anonymous_25)
FNDA:0,(anonymous_26)
FNDA:0,(anonymous_27)
FNDA:0,(anonymous_28)
FNDA:0,(anonymous_29)
FNDA:0,(anonymous_30)
FNDA:0,(anonymous_31)
FNDA:0,(anonymous_32)
FNDA:11,(anonymous_33)
FNDA:11,(anonymous_34)
FNDA:1,(anonymous_35)
FNDA:1,(anonymous_36)
DA:102,1
DA:103,1
DA:104,1
DA:113,11
DA:140,1
DA:141,1
DA:142,1
DA:145,1
DA:148,1
DA:151,1
DA:154,0
DA:155,0
DA:156,0
DA:160,2
DA:161,1
DA:165,0
DA:166,0
DA:167,0
DA:169,0
DA:170,0
DA:172,0
DA:173,0
DA:175,0
DA:176,0
DA:177,0
DA:180,0
DA:184,12
DA:185,12
DA:186,12
DA:187,12
DA:188,12
DA:189,368
DA:191,12
DA:194,0
DA:195,0
DA:196,0
DA:197,0
DA:198,0
DA:199,0
DA:201,0
DA:202,0
DA:204,0
DA:205,0
DA:210,5
DA:211,4
DA:212,2
DA:213,2
DA:214,2
DA:215,3
DA:216,2
DA:218,1
DA:221,2
DA:224,2
DA:225,1
DA:230,1
DA:234,2
DA:235,2
DA:236,2
DA:241,2
DA:243,0
DA:244,0
DA:249,0
DA:251,0
DA:252,0
DA:257,0
DA:259,0
DA:260,0
DA:261,0
DA:262,0
DA:263,0
DA:264,0
DA:265,0
DA:267,0
DA:269,0
DA:270,0
DA:271,0
DA:273,0
DA:274,0
DA:275,0
DA:276,0
DA:277,0
DA:278,0
DA:280,0
DA:281,0
DA:284,2
DA:285,2
DA:286,2
DA:287,2
DA:288,2
DA:289,2
DA:290,2
DA:291,2
DA:292,2
DA:293,4
DA:294,2
DA:295,2
DA:296,2
DA:297,2
DA:298,2
DA:299,2
DA:300,1
DA:301,1
DA:303,1
DA:305,2
DA:308,0
DA:309,0
DA:310,0
DA:311,0
DA:312,0
DA:313,0
DA:314,0
DA:315,0
DA:316,0
DA:317,0
DA:322,0
DA:323,0
DA:326,0
DA:327,0
DA:331,0
DA:332,0
DA:333,0
DA:334,0
DA:335,0
DA:339,0
DA:340,0
DA:342,0
DA:343,0
DA:348,0
DA:349,0
DA:350,0
DA:351,0
DA:353,0
DA:354,0
DA:355,0
DA:356,0
DA:357,0
DA:358,0
DA:359,0
DA:360,0
DA:362,0
DA:364,0
DA:365,0
DA:370,0
DA:371,0
DA:372,0
DA:373,0
DA:376,0
DA:377,0
DA:378,0
DA:379,0
DA:380,0
DA:381,0
DA:382,0
DA:383,0
DA:384,0
DA:385,0
DA:386,0
DA:387,0
DA:389,0
DA:390,0
DA:391,0
DA:392,0
DA:393,0
DA:394,0
DA:395,0
DA:396,0
DA:398,0
DA:407,0
DA:408,0
DA:409,0
DA:410,0
DA:415,11
DA:421,1
DA:424,1
DA:425,1
DA:426,1
DA:429,0
LF:177
LH:60
BRDA:160,0,0,1
BRDA:160,0,1,1
BRDA:165,1,0,0
BRDA:165,1,1,0
BRDA:172,2,0,0
BRDA:172,2,1,0
BRDA:172,3,0,0
BRDA:172,3,1,0
BRDA:176,4,0,0
BRDA:176,4,1,0
BRDA:184,5,0,12
BRDA:184,5,1,0
BRDA:209,6,0,2
BRDA:210,7,0,5
BRDA:210,7,1,6
BRDA:211,8,0,1
BRDA:211,8,1,2
BRDA:215,9,0,2
BRDA:215,9,1,1
BRDA:224,10,0,1
BRDA:224,10,1,1
BRDA:235,11,0,2
BRDA:235,11,1,0
BRDA:243,12,0,0
BRDA:243,12,1,0
BRDA:243,13,0,0
BRDA:243,13,1,0
BRDA:251,14,0,0
BRDA:251,14,1,0
BRDA:264,15,0,0
BRDA:264,15,1,0
BRDA:293,16,0,2
BRDA:293,16,1,0
BRDA:294,17,0,0
BRDA:294,17,1,2
BRDA:295,18,0,0
BRDA:295,18,1,2
BRDA:296,19,0,0
BRDA:296,19,1,2
BRDA:297,20,0,0
BRDA:297,20,1,2
BRDA:299,21,0,1
BRDA:299,21,1,1
BRDA:301,22,0,1
BRDA:301,22,1,0
BRDA:314,23,0,0
BRDA:314,23,1,0
BRDA:332,24,0,0
BRDA:332,24,1,0
BRDA:340,25,0,0
BRDA:340,25,1,0
BRDA:360,26,0,0
BRDA:360,26,1,0
BRDA:364,27,0,0
BRDA:364,27,1,0
BRDA:393,28,0,0
BRDA:393,28,1,0
BRDA:425,29,0,1
BRDA:425,29,1,0
BRF:59
BRH:22
end_of_record
